[    0.000000] Linux version 4.15.0-43-generic (buildd@lgw01-amd64-001) (gcc version 7.3.0 (Ubuntu 7.3.0-16ubuntu3)) #46-Ubuntu SMP Thu Dec 6 14:45:28 UTC 2018 (Ubuntu 4.15.0-43.46-generic 4.15.18)
[    0.000000] Command line: BOOT_IMAGE=/boot/vmlinuz-4.15.0-43-generic root=LABEL=cloudimg-rootfs ro console=tty1 console=ttyS0
[    0.000000] KERNEL supported cpus:
[    0.000000]   Intel GenuineIntel
[    0.000000]   AMD AuthenticAMD
[    0.000000]   Centaur CentaurHauls
[    0.000000] x86/fpu: Supporting XSAVE feature 0x001: 'x87 floating point registers'
[    0.000000] x86/fpu: Supporting XSAVE feature 0x002: 'SSE registers'
[    0.000000] x86/fpu: Supporting XSAVE feature 0x004: 'AVX registers'
[    0.000000] x86/fpu: xstate_offset[2]:  576, xstate_sizes[2]:  256
[    0.000000] x86/fpu: Enabled xstate features 0x7, context size is 832 bytes, using 'standard' format.
[    0.000000] e820: BIOS-provided physical RAM map:
[    0.000000] BIOS-e820: [mem 0x0000000000000000-0x000000000009fbff] usable
[    0.000000] BIOS-e820: [mem 0x000000000009fc00-0x000000000009ffff] reserved
[    0.000000] BIOS-e820: [mem 0x00000000000f0000-0x00000000000fffff] reserved
[    0.000000] BIOS-e820: [mem 0x0000000000100000-0x000000003ffeffff] usable
[    0.000000] BIOS-e820: [mem 0x000000003fff0000-0x000000003fffffff] ACPI data
[    0.000000] BIOS-e820: [mem 0x00000000fec00000-0x00000000fec00fff] reserved
[    0.000000] BIOS-e820: [mem 0x00000000fee00000-0x00000000fee00fff] reserved
[    0.000000] BIOS-e820: [mem 0x00000000fffc0000-0x00000000ffffffff] reserved
[    0.000000] NX (Execute Disable) protection: active
[    0.000000] SMBIOS 2.5 present.
[    0.000000] DMI: innotek GmbH VirtualBox/VirtualBox, BIOS VirtualBox 12/01/2006
[    0.000000] Hypervisor detected: KVM
[    0.000000] e820: last_pfn = 0x3fff0 max_arch_pfn = 0x400000000
[    0.000000] MTRR: Disabled
[    0.000000] x86/PAT: MTRRs disabled, skipping PAT initialization too.
[    0.000000] CPU MTRRs all blank - virtualized system.
[    0.000000] x86/PAT: Configuration [0-7]: WB  WT  UC- UC  WB  WT  UC- UC  
[    0.000000] found SMP MP-table at [mem 0x0009fff0-0x0009ffff] mapped at [        (ptrval)]
[    0.000000] Scanning 1 areas for low memory corruption
[    0.000000] RAMDISK: [mem 0x35ae1000-0x36d67fff]
[    0.000000] ACPI: Early table checksum verification disabled
[    0.000000] ACPI: RSDP 0x00000000000E0000 000024 (v02 VBOX  )
[    0.000000] ACPI: XSDT 0x000000003FFF0030 00003C (v01 VBOX   VBOXXSDT 00000001 ASL  00000061)
[    0.000000] ACPI: FACP 0x000000003FFF00F0 0000F4 (v04 VBOX   VBOXFACP 00000001 ASL  00000061)
[    0.000000] ACPI: DSDT 0x000000003FFF0470 0021FF (v02 VBOX   VBOXBIOS 00000002 INTL 20180105)
[    0.000000] ACPI: FACS 0x000000003FFF0200 000040
[    0.000000] ACPI: FACS 0x000000003FFF0200 000040
[    0.000000] ACPI: APIC 0x000000003FFF0240 00005C (v02 VBOX   VBOXAPIC 00000001 ASL  00000061)
[    0.000000] ACPI: SSDT 0x000000003FFF02A0 0001CC (v01 VBOX   VBOXCPUT 00000002 INTL 20180105)
[    0.000000] No NUMA configuration found
[    0.000000] Faking a node at [mem 0x0000000000000000-0x000000003ffeffff]
[    0.000000] NODE_DATA(0) allocated [mem 0x3ffc5000-0x3ffeffff]
[    0.000000] kvm-clock: cpu 0, msr 0:3ff44001, primary cpu clock
[    0.000000] kvm-clock: Using msrs 4b564d01 and 4b564d00
[    0.000000] kvm-clock: using sched offset of 6714873649 cycles
[    0.000000] clocksource: kvm-clock: mask: 0xffffffffffffffff max_cycles: 0x1cd42e4dffb, max_idle_ns: 881590591483 ns
[    0.000000] Zone ranges:
[    0.000000]   DMA      [mem 0x0000000000001000-0x0000000000ffffff]
[    0.000000]   DMA32    [mem 0x0000000001000000-0x000000003ffeffff]
[    0.000000]   Normal   empty
[    0.000000]   Device   empty
[    0.000000] Movable zone start for each node
[    0.000000] Early memory node ranges
[    0.000000]   node   0: [mem 0x0000000000001000-0x000000000009efff]
[    0.000000]   node   0: [mem 0x0000000000100000-0x000000003ffeffff]
[    0.000000] Initmem setup node 0 [mem 0x0000000000001000-0x000000003ffeffff]
[    0.000000] Reserved but unavailable: 98 pages
[    0.000000] ACPI: PM-Timer IO Port: 0x4008
[    0.000000] IOAPIC[0]: apic_id 2, version 32, address 0xfec00000, GSI 0-23
[    0.000000] ACPI: INT_SRC_OVR (bus 0 bus_irq 0 global_irq 2 dfl dfl)
[    0.000000] ACPI: INT_SRC_OVR (bus 0 bus_irq 9 global_irq 9 low level)
[    0.000000] Using ACPI (MADT) for SMP configuration information
[    0.000000] smpboot: Allowing 2 CPUs, 0 hotplug CPUs
[    0.000000] PM: Registered nosave memory: [mem 0x00000000-0x00000fff]
[    0.000000] PM: Registered nosave memory: [mem 0x0009f000-0x0009ffff]
[    0.000000] PM: Registered nosave memory: [mem 0x000a0000-0x000effff]
[    0.000000] PM: Registered nosave memory: [mem 0x000f0000-0x000fffff]
[    0.000000] e820: [mem 0x40000000-0xfebfffff] available for PCI devices
[    0.000000] Booting paravirtualized kernel on KVM
[    0.000000] clocksource: refined-jiffies: mask: 0xffffffff max_cycles: 0xffffffff, max_idle_ns: 7645519600211568 ns
[    0.000000] random: get_random_bytes called from start_kernel+0x99/0x4fd with crng_init=0
[    0.000000] setup_percpu: NR_CPUS:8192 nr_cpumask_bits:2 nr_cpu_ids:2 nr_node_ids:1
[    0.000000] percpu: Embedded 46 pages/cpu @        (ptrval) s151552 r8192 d28672 u1048576
[    0.000000] PV qspinlock hash table entries: 256 (order: 0, 4096 bytes)
[    0.000000] Built 1 zonelists, mobility grouping on.  Total pages: 257913
[    0.000000] Policy zone: DMA32
[    0.000000] Kernel command line: BOOT_IMAGE=/boot/vmlinuz-4.15.0-43-generic root=LABEL=cloudimg-rootfs ro console=tty1 console=ttyS0
[    0.000000] Memory: 983612K/1048120K available (12300K kernel code, 2472K rwdata, 4252K rodata, 2408K init, 2416K bss, 64508K reserved, 0K cma-reserved)
[    0.000000] SLUB: HWalign=64, Order=0-3, MinObjects=0, CPUs=2, Nodes=1
[    0.000000] ftrace: allocating 39186 entries in 154 pages
[    0.004000] Hierarchical RCU implementation.
[    0.004000] 	RCU restricting CPUs from NR_CPUS=8192 to nr_cpu_ids=2.
[    0.004000] 	Tasks RCU enabled.
[    0.004000] RCU: Adjusting geometry for rcu_fanout_leaf=16, nr_cpu_ids=2
[    0.004000] NR_IRQS: 524544, nr_irqs: 440, preallocated irqs: 16
[    0.004000] Console: colour VGA+ 80x25
[    0.004000] console [tty1] enabled
[    0.004000] console [ttyS0] enabled
[    0.004000] ACPI: Core revision 20170831
[    0.004000] ACPI: 2 ACPI AML tables successfully acquired and loaded
[    0.004000] APIC: Switch to symmetric I/O mode setup
[    0.004000] x2apic enabled
[    0.004000] Switched APIC routing to physical x2apic.
[    0.004000] ..TIMER: vector=0x30 apic1=0 pin1=2 apic2=-1 pin2=-1
[    0.004000] tsc: Detected 2994.378 MHz processor
[    0.004000] tsc: Marking TSC unstable due to TSCs unsynchronized
[    0.004000] Calibrating delay loop (skipped) preset value.. 5988.75 BogoMIPS (lpj=11977512)
[    0.004028] pid_max: default: 32768 minimum: 301
[    0.008224] Security Framework initialized
[    0.012014] Yama: becoming mindful.
[    0.014094] AppArmor: AppArmor initialized
[    0.020304] Dentry cache hash table entries: 131072 (order: 8, 1048576 bytes)
[    0.028170] Inode-cache hash table entries: 65536 (order: 7, 524288 bytes)
[    0.032059] Mount-cache hash table entries: 2048 (order: 2, 16384 bytes)
[    0.036032] Mountpoint-cache hash table entries: 2048 (order: 2, 16384 bytes)
[    0.040424] mce: CPU supports 0 MCE banks
[    0.044036] Last level iTLB entries: 4KB 512, 2MB 1024, 4MB 512
[    0.048014] Last level dTLB entries: 4KB 1024, 2MB 1024, 4MB 512, 1GB 0
[    0.052015] Spectre V2 : Spectre mitigation: LFENCE not serializing, switching to generic retpoline
[    0.056012] Spectre V2 : Mitigation: Full generic retpoline
[    0.060015] Spectre V2 : Spectre v2 / SpectreRSB mitigation: Filling RSB on context switch
[    0.064015] Speculative Store Bypass: Mitigation: Speculative Store Bypass disabled via prctl and seccomp
[    0.068444] Freeing SMP alternatives memory: 36K
[    0.080000] smpboot: CPU0: AMD A9-9420 RADEON R5, 5 COMPUTE CORES 2C+3G (family: 0x15, model: 0x70, stepping: 0x0)
[    0.080184] Performance Events: PMU not available due to virtualization, using software events only.
[    0.084211] Hierarchical SRCU implementation.
[    0.090485] NMI watchdog: Perf event create on CPU 0 failed with -2
[    0.092025] NMI watchdog: Perf NMI watchdog permanently disabled
[    0.096218] smp: Bringing up secondary CPUs ...
[    0.100906] x86: Booting SMP configuration:
[    0.104017] .... node  #0, CPUs:      #1
[    0.004000] kvm-clock: cpu 1, msr 0:3ff44041, secondary cpu clock
[    0.004000] mce: CPU supports 0 MCE banks
[    0.232020] smp: Brought up 1 node, 2 CPUs
[    0.240054] smpboot: Max logical packages: 1
[    0.244026] smpboot: Total of 2 processors activated (11977.51 BogoMIPS)
[    0.252023] devtmpfs: initialized
[    0.260051] x86/mm: Memory block size: 128MB
[    0.264302] evm: security.selinux
[    0.268013] evm: security.SMACK64
[    0.272015] evm: security.SMACK64EXEC
[    0.276014] evm: security.SMACK64TRANSMUTE
[    0.280015] evm: security.SMACK64MMAP
[    0.284019] evm: security.apparmor
[    0.288014] evm: security.ima
[    0.292015] evm: security.capability
[    0.296418] clocksource: jiffies: mask: 0xffffffff max_cycles: 0xffffffff, max_idle_ns: 7645041785100000 ns
[    0.300091] futex hash table entries: 512 (order: 3, 32768 bytes)
[    0.304905] pinctrl core: initialized pinctrl subsystem
[    0.310684] RTC time:  7:41:59, date: 01/21/19
[    0.312476] NET: Registered protocol family 16
[    0.316184] audit: initializing netlink subsys (disabled)
[    0.320081] audit: type=2000 audit(1548056526.847:1): state=initialized audit_enabled=0 res=1
[    0.324079] cpuidle: using governor ladder
[    0.328100] cpuidle: using governor menu
[    0.372382] ACPI: bus type PCI registered
[    0.376030] acpiphp: ACPI Hot Plug PCI Controller Driver version: 0.5
[    0.388279] PCI: Using configuration type 1 for base access
[    0.392014] PCI: Using configuration type 1 for extended access
[    0.408271] HugeTLB registered 2.00 MiB page size, pre-allocated 0 pages
[    0.416597] ACPI: Added _OSI(Module Device)
[    0.420054] ACPI: Added _OSI(Processor Device)
[    0.424009] ACPI: Added _OSI(3.0 _SCP Extensions)
[    0.428038] ACPI: Added _OSI(Processor Aggregator Device)
[    0.432042] ACPI: Added _OSI(Linux-Dell-Video)
[    0.434664] ACPI: Added _OSI(Linux-Lenovo-NV-HDMI-Audio)
[    0.440499] ACPI: Executed 1 blocks of module-level executable AML code
[    0.456888] ACPI: Interpreter enabled
[    0.459053] ACPI: (supports S0 S5)
[    0.464015] ACPI: Using IOAPIC for interrupt routing
[    0.468501] PCI: Using host bridge windows from ACPI; if necessary, use "pci=nocrs" and report a bug
[    0.476334] ACPI: Enabled 2 GPEs in block 00 to 07
[    0.496094] ACPI: PCI Root Bridge [PCI0] (domain 0000 [bus 00-ff])
[    0.500038] acpi PNP0A03:00: _OSC: OS supports [ExtendedConfig ASPM ClockPM Segments MSI]
[    0.508230] acpi PNP0A03:00: _OSC: OS now controls [PCIeHotplug PME AER PCIeCapability]
[    0.512772] PCI host bridge to bus 0000:00
[    0.520032] pci_bus 0000:00: root bus resource [io  0x0000-0x0cf7 window]
[    0.524023] pci_bus 0000:00: root bus resource [io  0x0d00-0xffff window]
[    0.532023] pci_bus 0000:00: root bus resource [mem 0x000a0000-0x000bffff window]
[    0.536023] pci_bus 0000:00: root bus resource [mem 0x40000000-0xfdffffff window]
[    0.544024] pci_bus 0000:00: root bus resource [bus 00-ff]
[    0.554354] pci 0000:00:01.1: legacy IDE quirk: reg 0x10: [io  0x01f0-0x01f7]
[    0.560024] pci 0000:00:01.1: legacy IDE quirk: reg 0x14: [io  0x03f6]
[    0.568021] pci 0000:00:01.1: legacy IDE quirk: reg 0x18: [io  0x0170-0x0177]
[    0.576138] pci 0000:00:01.1: legacy IDE quirk: reg 0x1c: [io  0x0376]
[    0.640520] pci 0000:00:07.0: quirk: [io  0x4000-0x403f] claimed by PIIX4 ACPI
[    0.644223] pci 0000:00:07.0: quirk: [io  0x4100-0x410f] claimed by PIIX4 SMB
[    0.673950] ACPI: PCI Interrupt Link [LNKA] (IRQs 5 9 10 *11)
[    0.680042] ACPI: PCI Interrupt Link [LNKB] (IRQs 5 9 *10 11)
[    0.684247] ACPI: PCI Interrupt Link [LNKC] (IRQs 5 *9 10 11)
[    0.692286] ACPI: PCI Interrupt Link [LNKD] (IRQs 5 9 10 *11)
[    0.697224] SCSI subsystem initialized
[    0.704245] pci 0000:00:02.0: vgaarb: setting as boot VGA device
[    0.704245] pci 0000:00:02.0: vgaarb: VGA device added: decodes=io+mem,owns=io+mem,locks=none
[    0.716034] pci 0000:00:02.0: vgaarb: bridge control possible
[    0.720015] vgaarb: loaded
[    0.721872] ACPI: bus type USB registered
[    0.728085] usbcore: registered new interface driver usbfs
[    0.732072] usbcore: registered new interface driver hub
[    0.740765] usbcore: registered new device driver usb
[    0.752310] EDAC MC: Ver: 3.0.0
[    0.756187] PCI: Using ACPI for IRQ routing
[    0.760054] NetLabel: Initializing
[    0.762705] NetLabel:  domain hash size = 128
[    0.768013] NetLabel:  protocols = UNLABELED CIPSOv4 CALIPSO
[    0.771166] NetLabel:  unlabeled traffic allowed by default
[    0.791244] clocksource: Switched to clocksource kvm-clock
[    0.837463] VFS: Disk quotas dquot_6.6.0
[    0.839402] VFS: Dquot-cache hash table entries: 512 (order 0, 4096 bytes)
[    0.845455] AppArmor: AppArmor Filesystem Enabled
[    0.850790] pnp: PnP ACPI init
[    0.854416] pnp: PnP ACPI: found 3 devices
[    0.904943] clocksource: acpi_pm: mask: 0xffffff max_cycles: 0xffffff, max_idle_ns: 2085701024 ns
[    0.913625] NET: Registered protocol family 2
[    0.919639] TCP established hash table entries: 8192 (order: 4, 65536 bytes)
[    0.924124] TCP bind hash table entries: 8192 (order: 5, 131072 bytes)
[    0.930452] TCP: Hash tables configured (established 8192 bind 8192)
[    0.934565] UDP hash table entries: 512 (order: 2, 16384 bytes)
[    0.938610] UDP-Lite hash table entries: 512 (order: 2, 16384 bytes)
[    0.944498] NET: Registered protocol family 1
[    0.947313] pci 0000:00:00.0: Limiting direct PCI/PCI transfers
[    0.953619] pci 0000:00:01.0: Activating ISA DMA hang workarounds
[    0.958509] pci 0000:00:02.0: Video device with shadowed ROM at [mem 0x000c0000-0x000dffff]
[    0.966812] Unpacking initramfs...
[    1.933586] Freeing initrd memory: 18972K
[    1.936623] clocksource: tsc: mask: 0xffffffffffffffff max_cycles: 0x2b2986a21ef, max_idle_ns: 440795289726 ns
[    1.942996] platform rtc_cmos: registered platform RTC device (no PNP device found)
[    1.943037] Scanning for low memory corruption every 60 seconds
[    1.944165] Initialise system trusted keyrings
[    1.944196] Key type blacklist registered
[    1.944347] workingset: timestamp_bits=36 max_order=18 bucket_order=0
[    1.946650] zbud: loaded
[    1.946871] squashfs: version 4.0 (2009/01/31) Phillip Lougher
[    1.946871] fuse init (API version 7.26)
[    1.954653] Key type asymmetric registered
[    1.954656] Asymmetric key parser 'x509' registered
[    1.954859] Block layer SCSI generic (bsg) driver version 0.4 loaded (major 246)
[    1.955037] io scheduler noop registered
[    1.955038] io scheduler deadline registered
[    1.955116] io scheduler cfq registered (default)
[    2.004384] ACPI: AC Adapter [AC] (on-line)
[    2.041010] input: Power Button as /devices/LNXSYSTM:00/LNXPWRBN:00/input/input0
[    2.044788] ACPI: Power Button [PWRF]
[    2.048108] input: Sleep Button as /devices/LNXSYSTM:00/LNXSLPBN:00/input/input1
[    2.068423] ACPI: Sleep Button [SLPF]
[    2.074608] ACPI: Battery Slot [BAT0] (battery present)
[    2.078425] Serial: 8250/16550 driver, 32 ports, IRQ sharing enabled
[    2.113530] 00:02: ttyS0 at I/O 0x3f8 (irq = 4, base_baud = 115200) is a 16550A
[    2.135599] Linux agpgart interface v0.103
[    2.148610] loop: module loaded
[    2.152602] scsi host0: ata_piix
[    2.155805] scsi host1: ata_piix
[    2.161929] ata1: PATA max UDMA/33 cmd 0x1f0 ctl 0x3f6 bmdma 0xd000 irq 14
[    2.165947] ata2: PATA max UDMA/33 cmd 0x170 ctl 0x376 bmdma 0xd008 irq 15
[    2.173660] libphy: Fixed MDIO Bus: probed
[    2.176317] tun: Universal TUN/TAP device driver, 1.6
[    2.179368] PPP generic driver version 2.4.2
[    2.186945] ehci_hcd: USB 2.0 'Enhanced' Host Controller (EHCI) Driver
[    2.191417] ehci-pci: EHCI PCI platform driver
[    2.194283] ehci-platform: EHCI generic platform driver
[    2.201337] ohci_hcd: USB 1.1 'Open' Host Controller (OHCI) Driver
[    2.205311] ohci-pci: OHCI PCI platform driver
[    2.209858] ohci-platform: OHCI generic platform driver
[    2.213016] uhci_hcd: USB Universal Host Controller Interface driver
[    2.216806] i8042: PNP: PS/2 Controller [PNP0303:PS2K,PNP0f03:PS2M] at 0x60,0x64 irq 1,12
[    2.228676] serio: i8042 KBD port at 0x60,0x64 irq 1
[    2.231602] serio: i8042 AUX port at 0x60,0x64 irq 12
[    2.235476] mousedev: PS/2 mouse device common for all mice
[    2.244594] rtc_cmos rtc_cmos: rtc core: registered rtc_cmos as rtc0
[    2.256953] rtc_cmos rtc_cmos: alarms up to one day, 114 bytes nvram
[    2.261053] input: AT Translated Set 2 keyboard as /devices/platform/i8042/serio0/input/input2
[    2.270818] i2c /dev entries driver
[    2.273347] pcie_mp2_amd: AMD(R) PCI-E MP2 Communication Driver Version: 1.0
[    2.277631] device-mapper: uevent: version 1.0.3
[    2.287127] device-mapper: ioctl: 4.37.0-ioctl (2017-09-20) initialised: dm-devel@redhat.com
[    2.292163] ledtrig-cpu: registered to indicate activity on CPUs
[    2.304878] NET: Registered protocol family 10
[    2.332592] Segment Routing with IPv6
[    2.350803] NET: Registered protocol family 17
[    2.371714] Key type dns_resolver registered
[    2.378021] RAS: Correctable Errors collector initialized.
[    2.384546] sched_clock: Marking stable (2384442542, 0)->(3478610395, -1094167853)
[    2.426684] registered taskstats version 1
[    2.439233] Loading compiled-in X.509 certificates
[    2.475158] Loaded X.509 cert 'Build time autogenerated kernel key: 6afcca3ddc80072aeae87585a7fdb65d40603f58'
[    2.508567] zswap: loaded using pool lzo/zbud
[    2.568547] Key type big_key registered
[    2.570817] Key type trusted registered
[    2.585773] Key type encrypted registered
[    2.591745] AppArmor: AppArmor sha1 policy hashing enabled
[    2.595349] ima: No TPM chip found, activating TPM-bypass! (rc=-19)
[    2.605678] ima: Allocated hash algorithm: sha1
[    2.611165] evm: HMAC attrs: 0x1
[    2.614367]   Magic number: 3:420:673
[    2.620801] rtc_cmos rtc_cmos: setting system clock to 2019-01-21 07:42:01 UTC (1548056521)
[    2.630655] BIOS EDD facility v0.16 2004-Jun-25, 0 devices found
[    2.636154] EDD information not available.
[    2.653553] Freeing unused kernel memory: 2408K
[    2.676141] Write protecting the kernel read-only data: 20480k
[    2.690401] Freeing unused kernel memory: 2008K
[    7.726756] Freeing unused kernel memory: 1892K
[    7.791240] x86/mm: Checked W+X mappings: passed, no W+X pages found.
Loading, please wait...
starting version 237
[    8.229350] e1000: Intel(R) PRO/1000 Network Driver - version 7.3.21-k8-NAPI
[    8.601746] e1000: Copyright (c) 1999-2006 Intel Corporation.
[    8.658646] Fusion MPT base driver 3.04.20
[    8.663828] Copyright (c) 1999-2008 LSI Corporation
[    8.861055] Fusion MPT SPI Host driver 3.04.20
[    8.913339] AVX2 version of gcm_enc/dec engaged.
[    8.918016] AES CTR mode by8 optimization enabled
[    8.962470] input: ImExPS/2 Generic Explorer Mouse as /devices/platform/i8042/serio1/input/input4
[    9.663645] e1000 0000:00:03.0 eth0: (PCI:33MHz:32-bit) 02:f9:71:d7:9d:11
[    9.681171] e1000 0000:00:03.0 eth0: Intel(R) PRO/1000 Network Connection
[    9.710625] mptbase: ioc0: Initiating bringup
[    9.757885] e1000 0000:00:03.0 enp0s3: renamed from eth0
[    9.853133] ioc0: LSI53C1030 A0: Capabilities={Initiator}
[   10.103678] scsi host2: ioc0: LSI53C1030 A0, FwRev=00000000h, Ports=1, MaxQ=256, IRQ=20
[   10.441035] scsi 2:0:0:0: Direct-Access     VBOX     HARDDISK         1.0  PQ: 0 ANSI: 5
[   10.808149] scsi target2:0:0: Beginning Domain Validation
[   10.836360] scsi target2:0:0: Domain Validation skipping write tests
[   10.841636] scsi target2:0:0: Ending Domain Validation
[   10.843843] scsi target2:0:0: asynchronous
[   10.849065] scsi 2:0:1:0: Direct-Access     VBOX     HARDDISK         1.0  PQ: 0 ANSI: 5
[   10.896120] scsi target2:0:1: Beginning Domain Validation
[   10.900122] random: fast init done
[   10.903083] scsi target2:0:1: Domain Validation skipping write tests
[   10.909110] scsi target2:0:1: Ending Domain Validation
[   10.913037] scsi target2:0:1: asynchronous
[   10.926451] random: systemd-udevd: uninitialized urandom read (16 bytes read)
[   10.926630] sd 2:0:0:0: Attached scsi generic sg0 type 0
[   10.926913] sd 2:0:1:0: Attached scsi generic sg1 type 0
[   10.927191] sd 2:0:0:0: [sda] 20971520 512-byte logical blocks: (10.7 GB/10.0 GiB)
[   10.927234] sd 2:0:0:0: [sda] Write Protect is off
[   10.927313] sd 2:0:0:0: [sda] Incomplete mode parameter data
[   10.927314] sd 2:0:0:0: [sda] Assuming drive cache: write through
[   10.932207] sd 2:0:1:0: [sdb] 20480 512-byte logical blocks: (10.5 MB/10.0 MiB)
[   10.932250] sd 2:0:1:0: [sdb] Write Protect is off
[   10.932330] sd 2:0:1:0: [sdb] Incomplete mode parameter data
[   10.932332] sd 2:0:1:0: [sdb] Assuming drive cache: write through
[   11.068421] random: systemd-udevd: uninitialized urandom read (16 bytes read)
[   11.081139] random: systemd-udevd: uninitialized urandom read (16 bytes read)
[   12.411464]  sda: sda1
[   12.570757] sd 2:0:0:0: [sda] Attached SCSI disk
[   14.452604] sd 2:0:1:0: [sdb] Attached SCSI disk
Begin: Loading essential drivers ... [   23.709388] raid6: sse2x1   gen()  1546 MB/s
[   23.760160] raid6: sse2x1   xor()  1767 MB/s
[   23.812110] raid6: sse2x2   gen()  2459 MB/s
[   23.872137] raid6: sse2x2   xor()  1634 MB/s
[   23.924743] raid6: sse2x4   gen()   916 MB/s
[   23.972160] raid6: sse2x4   xor()   996 MB/s
[   24.026410] raid6: avx2x1   gen()  4266 MB/s
[   24.080412] raid6: avx2x1   xor()  2883 MB/s
[   24.140336] raid6: avx2x2   gen()   569 MB/s
[   24.196168] raid6: avx2x2   xor()  2351 MB/s
[   24.244160] raid6: avx2x4   gen()  1192 MB/s
[   24.296525] raid6: avx2x4   xor()   897 MB/s
[   24.302364] raid6: using algorithm avx2x1 gen() 4266 MB/s
[   24.308713] raid6: .... xor() 2883 MB/s, rmw enabled
[   24.313102] raid6: using avx2x2 recovery algorithm
[   24.339818] xor: automatically using best checksumming function   avx       
[   24.354734] async_tx: api initialized (async)
done.
Begin: Running /scripts/init-premount ... done.
Begin: Mounting root file system ... Begin: Running /scripts/local-top ... done.
Begin: Running /scripts/local-premount ... [   24.706296] Btrfs loaded, crc32c=crc32c-intel
Scanning for Btrfs filesystems
done.
[   26.554419] random: crng init done
[   26.558094] random: 7 urandom warning(s) missed due to ratelimiting
Warning: fsck not present, so skipping root file system
[   26.880052] EXT4-fs (sda1): mounted filesystem with ordered data mode. Opts: (null)
done.
Begin: Running /scripts/local-bottom ... done.
Begin: Running /scripts/init-bottom ... done.
[   40.407140] ip_tables: (C) 2000-2006 Netfilter Core Team
[   41.097051] systemd[1]: systemd 237 running in system mode. (+PAM +AUDIT +SELINUX +IMA +APPARMOR +SMACK +SYSVINIT +UTMP +LIBCRYPTSETUP +GCRYPT +GNUTLS +ACL +XZ +LZ4 +SECCOMP +BLKID +ELFUTILS +KMOD -IDN2 +IDN -PCRE2 default-hierarchy=hybrid)
[   41.112872] systemd[1]: Detected virtualization oracle.
[   41.115672] systemd[1]: Detected architecture x86-64.

Welcome to [1mUbuntu 18.04.1 LTS[0m!

[   41.302915] systemd[1]: Set hostname to <ubuntu>.
[   41.633640] systemd[1]: Initializing machine ID from random generator.
[   41.637336] systemd[1]: Installed transient /etc/machine-id file.
[   44.998651] systemd[1]: Started Forward Password Requests to Wall Directory Watch.
[[0;32m  OK  [0m] Started Forward Password Requests to Wall Directory Watch.
[   45.036281] systemd[1]: Created slice System Slice.
[[0;32m  OK  [0m] Created slice System Slice.
[   45.086611] systemd[1]: Listening on Journal Audit Socket.
[[0;32m  OK  [0m] Listening on Journal Audit Socket.
[   45.096773] systemd[1]: Listening on Network Service Netlink Socket.
[[0;32m  OK  [0m] Listening on Network Service Netlink Socket.
[[0;32m  OK  [0m] Listening on udev Control Socket.
[[0;32m  OK  [0m] Listening on LVM2 poll daemon socket.
[[0;32m  OK  [0m] Reached target System Time Synchronized.
[[0;32m  OK  [0m] Listening on udev Kernel Socket.
[[0;32m  OK  [0m] Set up automount Arbitrary Executab…rmats File System Automount Point.
[[0;32m  OK  [0m] Reached target Swap.
[[0;32m  OK  [0m] Listening on /dev/initctl Compatibility Named Pipe.
[[0;32m  OK  [0m] Listening on Journal Socket (/dev/log).
[[0;32m  OK  [0m] Created slice User and Session Slice.
[[0;32m  OK  [0m] Listening on Journal Socket.
         Starting udev Coldplug all Devices...
         Starting Remount Root and Kernel File Systems...
         Mounting POSIX Message Queue File System...
         Mounting Kernel Debug File System...
         Mounting Huge Pages File System...
         Starting Uncomplicated firewall...
         Starting Create list of required st…ce nodes for the current kernel...
         Starting Set the console keyboard layout...
[[0;32m  OK  [0m] Created slice system-serial\x2dgetty.slice.
[[0;32m  OK  [0m] Reached target Slices.
         Starting Load Kernel Modules...
[[0;32m  OK  [0m] Listening on LVM2 metadata daemon socket.
[[0;32m  OK  [0m] Reached target User and Group Name Lookups.
[[0;32m  OK  [0m] Listening on Syslog Socket.
         Starting Journal Service...
[[0;32m  OK  [0m] Listening on Device-mapper event daemon FIFOs.
         Starting Monitoring of LVM2 mirrors…ng dmeventd or progress polling...
[[0;32m  OK  [0m] Started Uncomplicated firewall.
[[0;32m  OK  [0m] Started Create list of required sta…vice nodes for the current kernel.
         Starting Create Static Device Nodes in /dev...
[   45.646715] Loading iSCSI transport class v2.0-870.
[[0;32m  OK  [0m] Started udev Coldplug all Devices.
[   46.198521] systemd[1]: Started Journal Service.
[[0;32m  OK  [0m] Started Journal Service.
[   46.280817] iscsi: registered transport (tcp)
[[0;32m  OK  [0m] Started Create Static Device Nodes in /dev.
[[0;32m  OK  [0m] Mounted POSIX Message Queue File System.
[   46.473252] EXT4-fs (sda1): re-mounted. Opts: (null)
[[0;32m  OK  [0m] Mounted Kernel Debug File System.
[[0;32m  OK  [0m] Mounted Huge Pages File System.
[[0;32m  OK  [0m] Started Remount Root and Kernel File Systems.
         Starting Load/Save Random Seed...
         Starting udev Kernel Device Manager...
         Starting Flush Journal to Persistent Storage...
         Starting Initial cloud-init job (pre-networking)...
[[0;32m  OK  [0m] Started Load/Save Random Seed.
[[0;32m  OK  [0m] Started LVM2 metadata daemon.
[   46.859103] systemd-journald[391]: Received request to flush runtime journal from PID 1
[[0;32m  OK  [0m] Started udev Kernel Device Manager.
[   47.699963] iscsi: registered transport (iser)
[[0;32m  OK  [0m] Started Flush Journal to Persistent Storage.
[[0;32m  OK  [0m] Started Load Kernel Modules.
         Mounting Kernel Configuration File System...
         Mounting FUSE Control File System...
         Starting Apply Kernel Variables...
[[0;32m  OK  [0m] Mounted FUSE Control File System.
[[0;32m  OK  [0m] Mounted Kernel Configuration File System.
[[0;32m  OK  [0m] Started Monitoring of LVM2 mirrors,…sing dmeventd or progress polling.
[[0;32m  OK  [0m] Started Apply Kernel Variables.
[[0;32m  OK  [0m] Found device /dev/ttyS0.
[[0;32m  OK  [0m] Listening on Load/Save RF Kill Switch Status /dev/rfkill Watch.
[[0;32m  OK  [0m] Started Set the console keyboard layout.
[[0;32m  OK  [0m] Started Dispatch Password Requests to Console Directory Watch.
[[0;32m  OK  [0m] Reached target Local Encrypted Volumes.
[[0;32m  OK  [0m] Reached target Local File Systems (Pre).
[[0;32m  OK  [0m] Reached target Local File Systems.
         Starting Create Volatile Files and Directories...
         Starting AppArmor initialization...
         Starting Tell Plymouth To Write Out Runtime Data...
         Starting Commit a transient machine-id on disk...
         Starting ebtables ruleset management...
         Starting Set console font and keymap...
[[0;32m  OK  [0m] Started Tell Plymouth To Write Out Runtime Data.
[[0;32m  OK  [0m] Started Set console font and keymap.
[[0;32m  OK  [0m] Started Create Volatile Files and Directories.
         Starting Update UTMP about System Boot/Shutdown...
[[0;32m  OK  [0m] Started Commit a transient machine-id on disk.
[[0;32m  OK  [0m] Started Update UTMP about System Boot/Shutdown.
[[0;32m  OK  [0m] Started ebtables ruleset management.
[[0;32m  OK  [0m] Started AppArmor initialization.
[   65.099909] cloud-init[406]: Cloud-init v. 18.4-0ubuntu1~18.04.1 running 'init-local' at Mon, 21 Jan 2019 07:43:00 +0000. Up 61.54 seconds.
[[0;32m  OK  [0m] Started Initial cloud-init job (pre-networking).
[[0;32m  OK  [0m] Reached target Network (Pre).
         Starting Network Service...
[[0;32m  OK  [0m] Started Network Service.
         Starting Network Name Resolution...
         Starting Wait for Network to be Configured...
[[0;32m  OK  [0m] Started Network Name Resolution.
[[0;32m  OK  [0m] Reached target Network.
[[0;32m  OK  [0m] Reached target Host and Network Name Lookups.
[[0;32m  OK  [0m] Started Wait for Network to be Configured.
         Starting Initial cloud-init job (metadata service crawler)...
[   74.478519] cloud-init[675]: Cloud-init v. 18.4-0ubuntu1~18.04.1 running 'init' at Mon, 21 Jan 2019 07:43:11 +0000. Up 72.71 seconds.
[   74.763407] cloud-init[675]: ci-info: ++++++++++++++++++++++++++++++++++++++Net device info++++++++++++++++++++++++++++++++++++++
[   75.056587] cloud-init[675]: ci-info: +--------+------+----------------------------+---------------+--------+-------------------+
[   75.067091] cloud-init[675]: ci-info: | Device |  Up  |          Address           |      Mask     | Scope  |     Hw-Address    |
[   75.078264] cloud-init[675]: ci-info: +--------+------+----------------------------+---------------+--------+-------------------+
[   75.131049] cloud-init[675]: ci-info: | enp0s3 | True |         10.0.2.15          | 255.255.255.0 | global | 02:f9:71:d7:9d:11 |
[   75.175563] cloud-init[675]: ci-info: | enp0s3 | True | fe80::f9:71ff:fed7:9d11/64 |       .       |  link  | 02:f9:71:d7:9d:11 |
[   75.205168] cloud-init[675]: ci-info: |   lo   | True |         127.0.0.1          |   255.0.0.0   |  host  |         .         |
[   75.214828] cloud-init[675]: ci-info: |   lo   | True |          ::1/128           |       .       |  host  |         .         |
[   75.226324] cloud-init[675]: ci-info: +--------+------+----------------------------+---------------+--------+-------------------+
[   75.239046] cloud-init[675]: ci-info: ++++++++++++++++++++++++++++Route IPv4 info+++++++++++++++++++++++++++++
[   75.249473] cloud-init[675]: ci-info: +-------+-------------+----------+-----------------+-----------+-------+
[   75.264042] cloud-init[675]: ci-info: | Route | Destination | Gateway  |     Genmask     | Interface | Flags |
[   75.273300] cloud-init[675]: ci-info: +-------+-------------+----------+-----------------+-----------+-------+
[   75.284931] cloud-init[675]: ci-info: |   0   |   0.0.0.0   | 10.0.2.2 |     0.0.0.0     |   enp0s3  |   UG  |
[   75.295612] cloud-init[675]: ci-info: |   1   |   10.0.2.0  | 0.0.0.0  |  255.255.255.0  |   enp0s3  |   U   |
[   75.304679] cloud-init[675]: ci-info: |   2   |   10.0.2.2  | 0.0.0.0  | 255.255.255.255 |   enp0s3  |   UH  |
[   75.330406] cloud-init[675]: ci-info: +-------+-------------+----------+-----------------+-----------+-------+
[   75.410718] cloud-init[675]: ci-info: +++++++++++++++++++Route IPv6 info+++++++++++++++++++
[   75.451371] cloud-init[675]: ci-info: +-------+-------------+---------+-----------+-------+
[   75.482559] cloud-init[675]: ci-info: | Route | Destination | Gateway | Interface | Flags |
[   75.573620] cloud-init[675]: ci-info: +-------+-------------+---------+-----------+-------+
[   75.587259] cloud-init[675]: ci-info: |   1   |  fe80::/64  |    ::   |   enp0s3  |   U   |
[   75.607715] cloud-init[675]: ci-info: |   3   |    local    |    ::   |   enp0s3  |   U   |
[   75.617052] cloud-init[675]: ci-info: |   4   |   ff00::/8  |    ::   |   enp0s3  |   U   |
[   75.624378] cloud-init[675]: ci-info: +-------+-------------+---------+-----------+-------+
[   84.123398] cloud-init[675]: Generating public/private rsa key pair.
[   84.200407] cloud-init[675]: Your identification has been saved in /etc/ssh/ssh_host_rsa_key.
[   84.323302] cloud-init[675]: Your public key has been saved in /etc/ssh/ssh_host_rsa_key.pub.
[   84.472663] cloud-init[675]: The key fingerprint is:
[   84.520706] cloud-init[675]: SHA256:UanpGx/erJzKuP5UCIwaCtGB+xLE0DV5yBHP2Yu2x28 root@ubuntu-bionic
[   84.538339] cloud-init[675]: The key's randomart image is:
[   84.548889] cloud-init[675]: +---[RSA 2048]----+
[   84.558718] cloud-init[675]: |=+.+==    ..     |
[   84.565839] cloud-init[675]: |.+o +*.o ..      |
[   84.581440] cloud-init[675]: |o.. ..* oo       |
[   84.587777] cloud-init[675]: |+. o   oo+       |
[   84.594864] cloud-init[675]: |.o.   o.S .      |
[   84.606501] cloud-init[675]: |. .  . oo..      |
[   84.614489] cloud-init[675]: | .    . += +     |
[   84.623205] cloud-init[675]: |       =.oE.o    |
[   84.627591] cloud-init[675]: |     .+o+o=.     |
[   84.639773] cloud-init[675]: +----[SHA256]-----+
[   84.644542] cloud-init[675]: Generating public/private dsa key pair.
[   84.656467] cloud-init[675]: Your identification has been saved in /etc/ssh/ssh_host_dsa_key.
[   84.670119] cloud-init[675]: Your public key has been saved in /etc/ssh/ssh_host_dsa_key.pub.[[0;32m  OK  [0m] Started Initial cloud-init job (metadata service crawler).
[[0;32m  OK  [0m] Reached target Cloud-config availability.
[[0;32m  OK  [0m] Reached target System Initialization.
         Starting Socket activation for snappy daemon.
[[0;32m  OK  [0m] Listening on D-Bus System Message Bus Socket.
[[0;32m  OK  [0m] Started Daily Cleanup of Temporary Directories.
[[0;32m  OK  [0m] Listening on ACPID Listen Socket.
[[0;32m  OK  [0m] Started Discard unused blocks once a week.
[[0;32m  OK  [0m] Started Daily apt download activities.
[[0;32m  OK  [0m] Started Daily apt upgrade and clean activities.
[[0;32m  OK  [0m] Started Message of the Day.
[[0;32m  OK  [0m] Listening on Open-iSCSI iscsid Socket.

[   84.813946] cloud-init[675]: The key fingerprint is:
[   84.829567] cloud-init[675]: SHA256:zsjkduIYbPIfJC88eZ7SUXsvK3H/mK876/jWBJ/wTA8 root@ubuntu-bionic
[   84.849584] cloud-init[675]: The key's randomart image is:
[   84.872796] cloud-init[675]: +---[DSA 1024]----+
[   84.883587] cloud-init[675]: |                 |
[   84.886751] cloud-init[675]: |                 |
[   84.899292] cloud-init[675]: |                 |
[   84.914296] cloud-init[675]: |        .   o E  |
[   84.922281] cloud-init[675]: |    . o.S.   B + |
[   84.936745] cloud-init[675]: |   o O.+o o   * .|
[   84.941806] cloud-init[675]: |  . O.X.++ o o   |
[   84.945527] cloud-init[675]: |   +.X.=. ..=o.  |
[   84.951495] cloud-init[675]: |    oo=  .o*OBo  |
[   84.954817] cloud-init[675]: +----[SHA256]-----+
[   84.959742] cloud-init[675]: Generating public/private ecdsa key pair.
[   84.965576] cloud-init[675]: Your identification has been saved in /etc/ssh/ssh_host_ecdsa_key.
[   84.974173] cloud-init[675]: Your public key has been saved in /etc/ssh/ssh_host_ecdsa_key.pub.
[   84.983995] cloud-init[675]: The key fingerprint is:
[   85.002598] cloud-init[675]: SHA256:AW+ViVfnXMs0Uwksa8H2Yo4BvRmkOY4D5zwU8w1FUHY root@ubuntu-bionic
[   85.018492] cloud-init[675]: The key's randomart image is:
[   85.095390] cloud-init[675]: +---[ECDSA 256]---+
[   85.115634] cloud-init[675]: |     o.oBBoEo.o+=|
[   85.132134] cloud-init[675]: |      ++B+== =oo+|
[   85.138038] cloud-init[675]: |   . o ==o= = oo |
[   85.166369] cloud-init[675]: |    * o..= = .   |
[   85.186632] cloud-init[675]: |     * .S * .    |
[   85.193948] cloud-init[675]: |      o  . .     |
[   85.201629] cloud-init[675]: |                 |
[   85.206037] cloud-init[675]: |                 |
[   85.227817] cloud-init         Starting LXD - unix socket.
[675]: |                 |
[   85.251304] cloud-init[675]: +----[SHA256]-----+
[   85.276970] cloud-init[675]: Generating public/private ed25519 key pair.
[   85.289137] cloud-init[675]: Your identification has been saved in /etc/ssh/ssh_host_ed25519_key.
[   85.310832] cloud-init[675]: Your public key has been saved in /etc/ssh/ssh_host_ed25519_key.pub.
[[0;32m  OK  [0m] Started ACPI Events Check.
[   85.389902] [cloud-init[0;32m  OK  [0m[675]: ] The key fingerprint is:Reached target Timers.

[[0;32m  OK  [0m] Listening on UUID daemon activation socket.
[[0;32m  OK  [0m] Reached target Paths.
[[0;32m  OK  [0m] Reached target Network is Online.
[   85.425411] cloud-init[675]: SHA256:Qdb1W8gQr/HeSIkoyfZ1/BI8RFOVceGuuBlr2IDZchg root@ubuntu-bionic
[   85.732529] cloud-init[675]: The key's randomart image is:
[   85.758140] cloud-init[675]: +--[ED25519 256]--+
[   85.773410] cloud-init[675]: |        o. .+.o+O|
[   85.856644] cloud-init[675]: |       o  .  *.+.|
[   85.865007] cloud-init[675]: |        .   . *..|
[   85.873837] cloud-init[675]: |       E o . O.+ |
[   85.932212] cloud-init[675]: |        S . + @. |
[[0;32m  OK  [0m] [   85.987896] cloud-init[675]: |       * * ..+.* |
[   85.998369] cloud-init[675]: |        o =o .+ o|
[   86.015664] cloud-init[675]: |         . o=  . |
[   86.025024] cloud-init[675]: |          .+     |
[   86.025366] cloud-init[675]: +----[SHA256]-----+
Reached target Remote File Systems (Pre).
[[0;32m  OK  [0m] Reached target Remote File Systems.
         Starting Availability of block devices...
[[0;32m  OK  [0m] Listening on Socket activation for snappy daemon.
[[0;32m  OK  [0m] Listening on LXD - unix socket.
[[0;32m  OK  [0m] Reached target Sockets.
[[0;32m  OK  [0m] Reached target Basic System.
[[0;32m  OK  [0m] Started FUSE filesystem for LXC.
         Starting Login Service...
         Starting LSB: automatic crash report generation...
         Starting LXD - container startup/shutdown...
         Starting Pollinate to seed the pseudo random number generator...
         Starting Dispatcher daemon for systemd-networkd...
         Starting Permit User Sessions...
         Starting System Logging Service...
         Starting Accounts Service...
         Starting Virtualbox guest utils...
[[0;32m  OK  [0m] Started irqbalance daemon.
[[0;32m  OK  [0m] Started Regular background program processing daemon.
         Starting LSB: Record successful boot for GRUB...
         Starting Snappy daemon...
[[0;32m  OK  [0m] Started Deferred execution scheduler.
[[0;32m  OK  [0m] Started D-Bus System Message Bus.
[[0;32m  OK  [0m] Started System Logging Service.
[[0;32m  OK  [0m] Started Availability of block devices.
[[0;32m  OK  [0m] Started Permit User Sessions.
[[0;32m  OK  [0m] Started Login Service.
[[0;32m  OK  [0m] Started Unattended Upgrades Shutdown.
         Starting Hold until boot process finishes up...
         Starting Terminate Plymouth Boot Screen...
[[0;32m  OK  [0m] Started Hold until boot process finishes up.
[[0;32m  OK  [0m] Started Terminate Plymouth Boot Screen.
         Starting Set console scheme...
[[0;32m  OK  [0m] Started Serial Getty on ttyS0.
         Starting Authorization Manager...
[[0;32m  OK  [0m] Started Set console scheme.
[[0;32m  OK  [0m] Created slice system-getty.slice.
[[0;32m  OK  [0m] Started Getty on tty1.
[[0;32m  OK  [0m] Reached target Login Prompts.
[[0;32m  OK  [0m] Started LSB: Record successful boot for GRUB.
[[0;32m  OK  [0m] Started LSB: automatic crash report generation.
[[0;32m  OK  [0m] Started Authorization Manager.
[[0;32m  OK  [0m] Started Accounts Service.
[[0;32m  OK  [0m] Started LXD - container startup/shutdown.
[[0;32m  OK  [0m] Started Virtualbox guest utils.
[[0;32m  OK  [0m] Started Snappy daemon.
[[0;32m  OK  [0m] Started Dispatcher daemon for systemd-networkd.
         Starting Wait until snapd is fully seeded...
[[0;32m  OK  [0m] Started Pollinate to seed the pseudo random number generator.
         Starting OpenBSD Secure Shell server...
[[0;32m  OK  [0m] Started OpenBSD Secure Shell server.

Ubuntu 18.04.1 LTS ubuntu-bionic ttyS0

ubuntu-bionic login: [  113.043670] cloud-init[1127]: Cloud-init v. 18.4-0ubuntu1~18.04.1 running 'modules:config' at Mon, 21 Jan 2019 07:43:45 +0000. Up 106.44 seconds.
ci-info: no authorized ssh keys fingerprints found for user ubuntu.
<14>Jan 21 07:43:57 ec2: 
<14>Jan 21 07:43:57 ec2: #############################################################
<14>Jan 21 07:43:57 ec2: -----BEGIN SSH HOST KEY FINGERPRINTS-----
<14>Jan 21 07:43:57 ec2: 1024 SHA256:zsjkduIYbPIfJC88eZ7SUXsvK3H/mK876/jWBJ/wTA8 root@ubuntu-bionic (DSA)
<14>Jan 21 07:43:57 ec2: 256 SHA256:AW+ViVfnXMs0Uwksa8H2Yo4BvRmkOY4D5zwU8w1FUHY root@ubuntu-bionic (ECDSA)
<14>Jan 21 07:43:57 ec2: 256 SHA256:Qdb1W8gQr/HeSIkoyfZ1/BI8RFOVceGuuBlr2IDZchg root@ubuntu-bionic (ED25519)
<14>Jan 21 07:43:57 ec2: 2048 SHA256:UanpGx/erJzKuP5UCIwaCtGB+xLE0DV5yBHP2Yu2x28 root@ubuntu-bionic (RSA)
<14>Jan 21 07:43:57 ec2: -----END SSH HOST KEY FINGERPRINTS-----
<14>Jan 21 07:43:57 ec2: #############################################################
-----BEGIN SSH HOST KEY KEYS-----
ecdsa-sha2-nistp256 AAAAE2VjZHNhLXNoYTItbmlzdHAyNTYAAAAIbmlzdHAyNTYAAABBBOGLLYMxH7w4nrTM9swxsgc5MHOlK/uze112kUpLYYGEvtyM3Ja5HKBCoOLtUep/m3lhB71UcSd09OdhycNLiOo= root@ubuntu-bionic
ssh-ed25519 AAAAC3NzaC1lZDI1NTE5AAAAIHMP7KRnr2h6T6nOkawAmuunR6h5zTrH/IDFxBg31lDz root@ubuntu-bionic
ssh-rsa AAAAB3NzaC1yc2EAAAADAQABAAABAQDN5j4Es9SR+Wwb7P5Bv8VcWhc/WGTXUBprG7e8C7LC2w8xGOylqn9hXEF0qpcY2wUlWZueHM/u1OUHqg/lOctxa4zPKlPiKsNbiZWunIE+Wr5lBuTdcXIGKfIrA8v3BvsNrXnBEYwsubN9aMOMEyl38LRVUB6XJkdHPpW92MVUiUOxWgWX1FZyiCehwLOMVtDxw3z2rNnNQXqWU4OidMGNhlLCBAHZQbv0m1hIYL8QDrFLXd84UKC7s7SPFqFyutaCnZbKtbo/6l1aV4yI9JpYm2bLs+IGCg6qrel4W70VMykj9AYkrSyVef0yq4iGw9n2aPVI1sFCogphRfhMmL2f root@ubuntu-bionic
-----END SSH HOST KEY KEYS-----
[  118.938505] cloud-init[1300]: Cloud-init v. 18.4-0ubuntu1~18.04.1 running 'modules:final' at Mon, 21 Jan 2019 07:43:56 +0000. Up 117.23 seconds.
[  118.938797] cloud-init[1300]: ci-info: no authorized ssh keys fingerprints found for user ubuntu.
[  118.938931] cloud-init[1300]: Cloud-init v. 18.4-0ubuntu1~18.04.1 finished at Mon, 21 Jan 2019 07:43:57 +0000. Datasource DataSourceNoCloud [seed=/dev/sdb][dsmode=net].  Up 118.85 seconds
